0 info it worked if it ends with ok
1 verbose cli [ '/usr/local/bin/node', '/usr/local/bin/npm', 'install' ]
2 info using npm@2.14.12
3 info using node@v4.3.1
4 verbose readDependencies loading dependencies from /Applications/MAMP/htdocs/hetic/2016/velibmap/package.json
5 warn package.json velibmap@1.0.0 No repository field.
6 verbose install where, deps [ '/Applications/MAMP/htdocs/hetic/2016/velibmap',
6 verbose install   [ 'angular2',
6 verbose install     'systemjs',
6 verbose install     'es6-promise',
6 verbose install     'es6-shim',
6 verbose install     'reflect-metadata',
6 verbose install     'rxjs',
6 verbose install     'zone.js',
6 verbose install     'concurrently',
6 verbose install     'gulp',
6 verbose install     'gulp-connect',
6 verbose install     'gulp-less',
6 verbose install     'gulp-typescript',
6 verbose install     'gulp-util',
6 verbose install     'lite-server',
6 verbose install     'typescript' ] ]
7 verbose install where, peers [ '/Applications/MAMP/htdocs/hetic/2016/velibmap', [] ]
8 verbose installManyTop reading for lifecycle /Applications/MAMP/htdocs/hetic/2016/velibmap/package.json
9 info preinstall velibmap@1.0.0
10 verbose installManyTop reading scoped package data from /Applications/MAMP/htdocs/hetic/2016/velibmap/node_modules/angular2/package.json
11 verbose installManyTop reading scoped package data from /Applications/MAMP/htdocs/hetic/2016/velibmap/node_modules/concurrently/package.json
12 verbose installManyTop reading scoped package data from /Applications/MAMP/htdocs/hetic/2016/velibmap/node_modules/es6-promise/package.json
13 verbose installManyTop reading scoped package data from /Applications/MAMP/htdocs/hetic/2016/velibmap/node_modules/es6-shim/package.json
14 verbose installManyTop reading scoped package data from /Applications/MAMP/htdocs/hetic/2016/velibmap/node_modules/gulp/package.json
15 verbose installManyTop reading scoped package data from /Applications/MAMP/htdocs/hetic/2016/velibmap/node_modules/gulp-connect/package.json
16 verbose installManyTop reading scoped package data from /Applications/MAMP/htdocs/hetic/2016/velibmap/node_modules/gulp-less/package.json
17 verbose installManyTop reading scoped package data from /Applications/MAMP/htdocs/hetic/2016/velibmap/node_modules/gulp-typescript/package.json
18 verbose installManyTop reading scoped package data from /Applications/MAMP/htdocs/hetic/2016/velibmap/node_modules/gulp-util/package.json
19 verbose installManyTop reading scoped package data from /Applications/MAMP/htdocs/hetic/2016/velibmap/node_modules/lite-server/package.json
20 verbose installManyTop reading scoped package data from /Applications/MAMP/htdocs/hetic/2016/velibmap/node_modules/reflect-metadata/package.json
21 verbose installManyTop reading scoped package data from /Applications/MAMP/htdocs/hetic/2016/velibmap/node_modules/rxjs/package.json
22 verbose installManyTop reading scoped package data from /Applications/MAMP/htdocs/hetic/2016/velibmap/node_modules/systemjs/package.json
23 verbose installManyTop reading scoped package data from /Applications/MAMP/htdocs/hetic/2016/velibmap/node_modules/typescript/package.json
24 verbose installManyTop reading scoped package data from /Applications/MAMP/htdocs/hetic/2016/velibmap/node_modules/zone.js/package.json
25 verbose readDependencies loading dependencies from /Applications/MAMP/htdocs/hetic/2016/velibmap/package.json
26 verbose targetResolver reading package data from /Applications/MAMP/htdocs/hetic/2016/velibmap/node_modules/angular2/package.json
27 verbose targetResolver reading package data from /Applications/MAMP/htdocs/hetic/2016/velibmap/node_modules/concurrently/package.json
28 verbose targetResolver reading package data from /Applications/MAMP/htdocs/hetic/2016/velibmap/node_modules/es6-promise/package.json
29 verbose targetResolver reading package data from /Applications/MAMP/htdocs/hetic/2016/velibmap/node_modules/es6-shim/package.json
30 verbose targetResolver reading package data from /Applications/MAMP/htdocs/hetic/2016/velibmap/node_modules/gulp/package.json
31 verbose targetResolver reading package data from /Applications/MAMP/htdocs/hetic/2016/velibmap/node_modules/gulp-connect/package.json
32 verbose targetResolver reading package data from /Applications/MAMP/htdocs/hetic/2016/velibmap/node_modules/gulp-less/package.json
33 verbose targetResolver reading package data from /Applications/MAMP/htdocs/hetic/2016/velibmap/node_modules/gulp-typescript/package.json
34 verbose targetResolver reading package data from /Applications/MAMP/htdocs/hetic/2016/velibmap/node_modules/gulp-util/package.json
35 verbose targetResolver reading package data from /Applications/MAMP/htdocs/hetic/2016/velibmap/node_modules/lite-server/package.json
36 verbose targetResolver reading package data from /Applications/MAMP/htdocs/hetic/2016/velibmap/node_modules/reflect-metadata/package.json
37 verbose targetResolver reading package data from /Applications/MAMP/htdocs/hetic/2016/velibmap/node_modules/rxjs/package.json
38 verbose targetResolver reading package data from /Applications/MAMP/htdocs/hetic/2016/velibmap/node_modules/systemjs/package.json
39 verbose targetResolver reading package data from /Applications/MAMP/htdocs/hetic/2016/velibmap/node_modules/typescript/package.json
40 verbose targetResolver reading package data from /Applications/MAMP/htdocs/hetic/2016/velibmap/node_modules/zone.js/package.json
41 verbose targetResolver reading package data from /Applications/MAMP/htdocs/hetic/2016/velibmap/node_modules/.bin/concurrent/package.json
42 verbose targetResolver reading package data from /Applications/MAMP/htdocs/hetic/2016/velibmap/node_modules/.bin/gulp/package.json
43 verbose targetResolver reading package data from /Applications/MAMP/htdocs/hetic/2016/velibmap/node_modules/.bin/lite-server/package.json
44 verbose targetResolver reading package data from /Applications/MAMP/htdocs/hetic/2016/velibmap/node_modules/.bin/tsc/package.json
45 verbose targetResolver reading package data from /Applications/MAMP/htdocs/hetic/2016/velibmap/node_modules/.bin/tsserver/package.json
46 verbose already installed skipping reflect-metadata@0.1.2 /Applications/MAMP/htdocs/hetic/2016/velibmap
47 verbose already installed skipping rxjs@5.0.0-beta.0 /Applications/MAMP/htdocs/hetic/2016/velibmap
48 verbose already installed skipping zone.js@0.5.10 /Applications/MAMP/htdocs/hetic/2016/velibmap
49 verbose already installed skipping concurrently@^1.0.0 /Applications/MAMP/htdocs/hetic/2016/velibmap
50 verbose already installed skipping gulp@^3.9.0 /Applications/MAMP/htdocs/hetic/2016/velibmap
51 verbose already installed skipping gulp-connect@^2.3.1 /Applications/MAMP/htdocs/hetic/2016/velibmap
52 verbose already installed skipping gulp-less@^3.0.5 /Applications/MAMP/htdocs/hetic/2016/velibmap
53 verbose already installed skipping gulp-typescript@^2.10.0 /Applications/MAMP/htdocs/hetic/2016/velibmap
54 verbose already installed skipping gulp-util@^3.0.7 /Applications/MAMP/htdocs/hetic/2016/velibmap
55 verbose already installed skipping lite-server@^1.3.1 /Applications/MAMP/htdocs/hetic/2016/velibmap
56 verbose already installed skipping typescript@^1.7.3 /Applications/MAMP/htdocs/hetic/2016/velibmap
57 verbose already installed skipping angular2@2.0.0-beta.0 /Applications/MAMP/htdocs/hetic/2016/velibmap
58 verbose already installed skipping systemjs@0.19.6 /Applications/MAMP/htdocs/hetic/2016/velibmap
59 verbose already installed skipping es6-promise@^3.0.2 /Applications/MAMP/htdocs/hetic/2016/velibmap
60 silly cache add args [ 'es6-shim@^0.34', null ]
61 verbose cache add spec es6-shim@^0.34
62 silly cache add parsed spec Result {
62 silly cache add   raw: 'es6-shim@^0.34',
62 silly cache add   scope: null,
62 silly cache add   name: 'es6-shim',
62 silly cache add   rawSpec: '^0.34',
62 silly cache add   spec: '>=0.34.0 <0.35.0',
62 silly cache add   type: 'range' }
63 silly addNamed es6-shim@>=0.34.0 <0.35.0
64 verbose addNamed ">=0.34.0 <0.35.0" is a valid semver range for es6-shim
65 silly addNameRange { name: 'es6-shim', range: '>=0.34.0 <0.35.0', hasData: false }
66 silly mapToRegistry name es6-shim
67 silly mapToRegistry using default registry
68 silly mapToRegistry registry https://registry.npmjs.org/
69 silly mapToRegistry uri https://registry.npmjs.org/es6-shim
70 verbose addNameRange registry:https://registry.npmjs.org/es6-shim not in flight; fetching
71 verbose request uri https://registry.npmjs.org/es6-shim
72 verbose request no auth needed
73 info attempt registry request try #1 at 10:15:42
74 verbose request id ce0f4218abc8d178
75 verbose etag "EH5WMZZJWYJFAD2EJG6PIP3XE"
76 http request GET https://registry.npmjs.org/es6-shim
77 http 304 https://registry.npmjs.org/es6-shim
78 verbose headers { date: 'Tue, 29 Mar 2016 08:15:42 GMT',
78 verbose headers   via: '1.1 varnish',
78 verbose headers   'cache-control': 'max-age=300',
78 verbose headers   etag: '"EH5WMZZJWYJFAD2EJG6PIP3XE"',
78 verbose headers   age: '101',
78 verbose headers   connection: 'keep-alive',
78 verbose headers   'x-served-by': 'cache-lcy1132-LCY',
78 verbose headers   'x-cache': 'HIT',
78 verbose headers   'x-cache-hits': '45',
78 verbose headers   'x-timer': 'S1459239342.335595,VS0,VE0',
78 verbose headers   vary: 'Accept' }
79 silly get cb [ 304,
79 silly get   { date: 'Tue, 29 Mar 2016 08:15:42 GMT',
79 silly get     via: '1.1 varnish',
79 silly get     'cache-control': 'max-age=300',
79 silly get     etag: '"EH5WMZZJWYJFAD2EJG6PIP3XE"',
79 silly get     age: '101',
79 silly get     connection: 'keep-alive',
79 silly get     'x-served-by': 'cache-lcy1132-LCY',
79 silly get     'x-cache': 'HIT',
79 silly get     'x-cache-hits': '45',
79 silly get     'x-timer': 'S1459239342.335595,VS0,VE0',
79 silly get     vary: 'Accept' } ]
80 verbose etag https://registry.npmjs.org/es6-shim from cache
81 verbose get saving es6-shim to /Users/Toni/.npm/registry.npmjs.org/es6-shim/.cache.json
82 silly addNameRange number 2 { name: 'es6-shim', range: '>=0.34.0 <0.35.0', hasData: true }
83 silly addNameRange versions [ 'es6-shim',
83 silly addNameRange   [ '0.1.0',
83 silly addNameRange     '0.2.0',
83 silly addNameRange     '0.2.1',
83 silly addNameRange     '0.3.0',
83 silly addNameRange     '0.3.1',
83 silly addNameRange     '0.4.0',
83 silly addNameRange     '0.4.1',
83 silly addNameRange     '0.5.0',
83 silly addNameRange     '0.5.1',
83 silly addNameRange     '0.5.2',
83 silly addNameRange     '0.5.3',
83 silly addNameRange     '0.6.0',
83 silly addNameRange     '0.7.0',
83 silly addNameRange     '0.8.0',
83 silly addNameRange     '0.9.0',
83 silly addNameRange     '0.9.1',
83 silly addNameRange     '0.9.2',
83 silly addNameRange     '0.9.3',
83 silly addNameRange     '0.10.0',
83 silly addNameRange     '0.10.1',
83 silly addNameRange     '0.11.0',
83 silly addNameRange     '0.11.1',
83 silly addNameRange     '0.12.0',
83 silly addNameRange     '0.13.0',
83 silly addNameRange     '0.14.0',
83 silly addNameRange     '0.15.0',
83 silly addNameRange     '0.15.1',
83 silly addNameRange     '0.16.0',
83 silly addNameRange     '0.17.0',
83 silly addNameRange     '0.18.0',
83 silly addNameRange     '0.19.0',
83 silly addNameRange     '0.19.1',
83 silly addNameRange     '0.19.2',
83 silly addNameRange     '0.20.0',
83 silly addNameRange     '0.20.1',
83 silly addNameRange     '0.20.2',
83 silly addNameRange     '0.20.3',
83 silly addNameRange     '0.20.4',
83 silly addNameRange     '0.21.0',
83 silly addNameRange     '0.21.1',
83 silly addNameRange     '0.22.0',
83 silly addNameRange     '0.22.1',
83 silly addNameRange     '0.22.2',
83 silly addNameRange     '0.23.0',
83 silly addNameRange     '0.24.0',
83 silly addNameRange     '0.25.0',
83 silly addNameRange     '0.25.1',
83 silly addNameRange     '0.25.2',
83 silly addNameRange     '0.25.3',
83 silly addNameRange     '0.26.0',
83 silly addNameRange     '0.26.1',
83 silly addNameRange     '0.27.1',
83 silly addNameRange     '0.28.1',
83 silly addNameRange     '0.29.0',
83 silly addNameRange     '0.30.0',
83 silly addNameRange     '0.31.0',
83 silly addNameRange     '0.31.1',
83 silly addNameRange     '0.31.2',
83 silly addNameRange     '0.31.3',
83 silly addNameRange     '0.32.0',
83 silly addNameRange     '0.32.1',
83 silly addNameRange     '0.32.2',
83 silly addNameRange     '0.33.0',
83 silly addNameRange     '0.33.1',
83 silly addNameRange     '0.33.2',
83 silly addNameRange     '0.33.3',
83 silly addNameRange     '0.33.4',
83 silly addNameRange     '0.33.5',
83 silly addNameRange     '0.33.6',
83 silly addNameRange     '0.33.7',
83 silly addNameRange     '0.33.8',
83 silly addNameRange     '0.33.9',
83 silly addNameRange     '0.33.10',
83 silly addNameRange     '0.33.11',
83 silly addNameRange     '0.33.12',
83 silly addNameRange     '0.33.13',
83 silly addNameRange     '0.34.0',
83 silly addNameRange     '0.34.1',
83 silly addNameRange     '0.34.2',
83 silly addNameRange     '0.34.3',
83 silly addNameRange     '0.34.4',
83 silly addNameRange     '0.35.0' ] ]
84 silly addNamed es6-shim@0.34.4
85 verbose addNamed "0.34.4" is a plain semver version for es6-shim
86 silly mapToRegistry name es6-shim
87 silly mapToRegistry using default registry
88 silly mapToRegistry registry https://registry.npmjs.org/
89 silly mapToRegistry uri https://registry.npmjs.org/es6-shim
90 verbose addRemoteTarball https://registry.npmjs.org/es6-shim/-/es6-shim-0.34.4.tgz not in flight; adding
91 verbose addRemoteTarball [ 'https://registry.npmjs.org/es6-shim/-/es6-shim-0.34.4.tgz',
91 verbose addRemoteTarball   'b2f34d85ea0fd577fb2a5016cb978d44c5049969' ]
92 info retry fetch attempt 1 at 10:15:42
93 info attempt registry request try #1 at 10:15:42
94 http fetch GET https://registry.npmjs.org/es6-shim/-/es6-shim-0.34.4.tgz
95 http fetch 200 https://registry.npmjs.org/es6-shim/-/es6-shim-0.34.4.tgz
96 silly fetchAndShaCheck shasum b2f34d85ea0fd577fb2a5016cb978d44c5049969
97 verbose addTmpTarball /var/folders/tt/1tskd1hd72s8n5yn5p3yj3lr0000gn/T/npm-2013-f3f17878/registry.npmjs.org/es6-shim/-/es6-shim-0.34.4.tgz not in flight; adding
98 verbose addTmpTarball already have metadata; skipping unpack for es6-shim@0.34.4
99 silly cache afterAdd es6-shim@0.34.4
100 verbose afterAdd /Users/Toni/.npm/es6-shim/0.34.4/package/package.json not in flight; writing
101 verbose afterAdd /Users/Toni/.npm/es6-shim/0.34.4/package/package.json written
102 silly install resolved [ { name: 'es6-shim',
102 silly install resolved     version: '0.34.4',
102 silly install resolved     author: { name: 'Paul Miller', url: 'http://paulmillr.com' },
102 silly install resolved     description: 'ECMAScript 6 (Harmony) compatibility shims for legacy JavaScript engines',
102 silly install resolved     keywords:
102 silly install resolved      [ 'ecmascript',
102 silly install resolved        'harmony',
102 silly install resolved        'es6',
102 silly install resolved        'shim',
102 silly install resolved        'promise',
102 silly install resolved        'promises',
102 silly install resolved        'setPrototypeOf',
102 silly install resolved        'map',
102 silly install resolved        'set',
102 silly install resolved        '__proto__' ],
102 silly install resolved     homepage: 'https://github.com/paulmillr/es6-shim/',
102 silly install resolved     license: 'MIT',
102 silly install resolved     repository: { type: 'git', url: 'git://github.com/paulmillr/es6-shim.git' },
102 silly install resolved     main: 'es6-shim',
102 silly install resolved     scripts:
102 silly install resolved      { test: 'npm run lint && evalmd *.md && npm run tests-only',
102 silly install resolved        'tests-only': 'npm run test:shim && npm run test:sham',
102 silly install resolved        'test:shim': 'mocha test/*.js test/*/*.js',
102 silly install resolved        'test:sham': 'mocha test-sham/*.js',
102 silly install resolved        'test:native': 'NO_ES6_SHIM=1 npm run tests-only',
102 silly install resolved        lint: 'npm run lint:shim && npm run lint:sham',
102 silly install resolved        'lint:shim': 'npm run jshint:shim && npm run jscs:shim && npm run eslint:shim',
102 silly install resolved        'lint:sham': 'npm run jshint:sham && npm run jscs:sham && npm run eslint:sham',
102 silly install resolved        eslint: 'npm run eslint:shim && npm run eslint:sham',
102 silly install resolved        'eslint:shim': 'eslint es6-shim.js test/*.js test/*/*.js',
102 silly install resolved        'eslint:sham': 'eslint es6-sham.js test-sham/*.js',
102 silly install resolved        jshint: 'npm run jshint:shim && npm run jshint:sham',
102 silly install resolved        'jshint:shim': 'jshint es6-shim.js test/*.js test/*/*.js',
102 silly install resolved        'jshint:sham': 'jshint es6-sham.js test-sham/*.js',
102 silly install resolved        jscs: 'npm run jscs:shim && npm run jscs:sham',
102 silly install resolved        'jscs:shim': 'jscs es6-shim.js test/*.js test/*/*.js',
102 silly install resolved        'jscs:sham': 'jscs es6-sham.js test-sham/*.js',
102 silly install resolved        minify: 'npm run minify:shim && npm run minify:sham',
102 silly install resolved        'minify:shim': 'uglifyjs es6-shim.js --keep-fnames --comments --source-map=es6-shim.map -m -b ascii_only=true,beautify=false > es6-shim.min.js',
102 silly install resolved        'minify:sham': 'uglifyjs es6-sham.js --keep-fnames --comments --source-map=es6-sham.map -m -b ascii_only=true,beautify=false > es6-sham.min.js',
102 silly install resolved        'sauce-connect': 'curl -L https://gist.githubusercontent.com/henrikhodne/9322897/raw/sauce-connect.sh | bash && export TRAVIS_SAUCE_CONNECT=true',
102 silly install resolved        sauce: 'npm run sauce-connect && grunt sauce' },
102 silly install resolved     testling: { html: 'testling.html', browsers: [Object] },
102 silly install resolved     dependencies: {},
102 silly install resolved     devDependencies:
102 silly install resolved      { chai: '^3.5.0',
102 silly install resolved        'es5-shim': '^4.5.2',
102 silly install resolved        eslint: '^1.10.3',
102 silly install resolved        '@ljharb/eslint-config': '^1.6.1',
102 silly install resolved        grunt: '^0.4.5',
102 silly install resolved        'grunt-contrib-connect': '^0.11.2',
102 silly install resolved        'grunt-contrib-watch': '^0.6.1',
102 silly install resolved        'grunt-saucelabs': '^8.6.2',
102 silly install resolved        jscs: '^2.9.0',
102 silly install resolved        jshint: '^2.9.1',
102 silly install resolved        mocha: '^2.4.5',
102 silly install resolved        'promises-aplus-tests': '^2.1.1',
102 silly install resolved        'promises-es6-tests': '^0.5.0',
102 silly install resolved        'uglify-js': '^2.6.1',
102 silly install resolved        evalmd: '^0.0.16' },
102 silly install resolved     gitHead: '9439339247a2d9dbaf602bc055d2a5b7c409559f',
102 silly install resolved     bugs: { url: 'https://github.com/paulmillr/es6-shim/issues' },
102 silly install resolved     _id: 'es6-shim@0.34.4',
102 silly install resolved     _shasum: 'b2f34d85ea0fd577fb2a5016cb978d44c5049969',
102 silly install resolved     _from: 'es6-shim@>=0.34.0 <0.35.0',
102 silly install resolved     _npmVersion: '3.3.12',
102 silly install resolved     _nodeVersion: '5.5.0',
102 silly install resolved     _npmUser: { name: 'ljharb', email: 'ljharb@gmail.com' },
102 silly install resolved     dist:
102 silly install resolved      { shasum: 'b2f34d85ea0fd577fb2a5016cb978d44c5049969',
102 silly install resolved        tarball: 'http://registry.npmjs.org/es6-shim/-/es6-shim-0.34.4.tgz' },
102 silly install resolved     maintainers: [ [Object], [Object] ],
102 silly install resolved     _npmOperationalInternal:
102 silly install resolved      { host: 'packages-6-west.internal.npmjs.com',
102 silly install resolved        tmp: 'tmp/es6-shim-0.34.4.tgz_1455055045052_0.8445700975134969' },
102 silly install resolved     directories: {},
102 silly install resolved     _resolved: 'https://registry.npmjs.org/es6-shim/-/es6-shim-0.34.4.tgz' } ]
103 info install es6-shim@0.34.4 into /Applications/MAMP/htdocs/hetic/2016/velibmap
104 info installOne es6-shim@0.34.4
105 verbose installOne of es6-shim to /Applications/MAMP/htdocs/hetic/2016/velibmap not in flight; installing
106 verbose lock using /Users/Toni/.npm/_locks/es6-shim-8e3772c58ae64d2d.lock for /Applications/MAMP/htdocs/hetic/2016/velibmap/node_modules/es6-shim
107 silly install write writing es6-shim 0.34.4 to /Applications/MAMP/htdocs/hetic/2016/velibmap/node_modules/es6-shim
108 verbose unbuild node_modules/es6-shim
109 info preuninstall es6-shim@0.33.13
110 info uninstall es6-shim@0.33.13
111 verbose unbuild rmStuff es6-shim@0.33.13 from /Applications/MAMP/htdocs/hetic/2016/velibmap/node_modules
112 info postuninstall es6-shim@0.33.13
113 silly gentlyRm /Applications/MAMP/htdocs/hetic/2016/velibmap/node_modules/es6-shim is being purged from base /Applications/MAMP/htdocs/hetic/2016/velibmap
114 verbose gentlyRm don't care about contents; nuking /Applications/MAMP/htdocs/hetic/2016/velibmap/node_modules/es6-shim
115 silly vacuum-fs purging /Applications/MAMP/htdocs/hetic/2016/velibmap/node_modules/es6-shim
116 silly vacuum-fs quitting because other entries in /Applications/MAMP/htdocs/hetic/2016/velibmap/node_modules
117 verbose tar unpack /Users/Toni/.npm/es6-shim/0.34.4/package.tgz
118 verbose tar unpacking to /Applications/MAMP/htdocs/hetic/2016/velibmap/node_modules/es6-shim
119 silly gentlyRm /Applications/MAMP/htdocs/hetic/2016/velibmap/node_modules/es6-shim is being purged
120 verbose gentlyRm don't care about contents; nuking /Applications/MAMP/htdocs/hetic/2016/velibmap/node_modules/es6-shim
121 silly gunzTarPerm modes [ '755', '644' ]
122 silly gunzTarPerm extractEntry package.json
123 silly gunzTarPerm extractEntry .npmignore
124 silly gunzTarPerm extractEntry README.md
125 silly gunzTarPerm extractEntry LICENSE
126 silly gunzTarPerm extractEntry es6-sham.js
127 silly gunzTarPerm extractEntry Gruntfile.js
128 silly gunzTarPerm extractEntry es6-sham.min.js
129 silly gunzTarPerm extractEntry es6-shim.js
130 silly gunzTarPerm extractEntry es6-shim.min.js
131 silly gunzTarPerm extractEntry .jscs.json
132 silly gunzTarPerm extractEntry .jshintrc
133 silly gunzTarPerm extractEntry bower.json
134 silly gunzTarPerm extractEntry component.json
135 silly gunzTarPerm extractEntry .eslintrc
136 silly gunzTarPerm extractEntry es6-sham.map
137 silly gunzTarPerm extractEntry .eslintignore
138 silly gunzTarPerm extractEntry es6-shim.map
139 silly gunzTarPerm extractEntry CHANGELOG.md
140 silly gunzTarPerm extractEntry full.html
141 silly gunzTarPerm extractEntry min.html
142 silly gunzTarPerm extractEntry test-sham/set-prototype-of.js
143 silly gunzTarPerm extractEntry test-sham/index.html
144 silly gunzTarPerm extractEntry test/array.js
145 silly gunzTarPerm extractEntry test/test_helpers.js
146 silly gunzTarPerm extractEntry test/json.js
147 silly gunzTarPerm extractEntry test/map.js
148 silly gunzTarPerm extractEntry test/math.js
149 silly gunzTarPerm extractEntry test/date.js
150 silly gunzTarPerm extractEntry test/set.js
151 silly gunzTarPerm extractEntry test/browser-onload.js
152 silly gunzTarPerm extractEntry test/object.js
153 silly gunzTarPerm extractEntry test/regexp.js
154 silly gunzTarPerm extractEntry test/promise.js
155 silly gunzTarPerm extractEntry test/browser-setup.js
156 silly gunzTarPerm extractEntry test/reflect.js
157 silly gunzTarPerm extractEntry test/string.js
158 silly gunzTarPerm extractEntry test/worker-test.js
159 silly gunzTarPerm extractEntry test/number.js
160 silly gunzTarPerm extractEntry test/promise/all.js
161 silly gunzTarPerm extractEntry test/promise/evil-promises.js
162 silly gunzTarPerm extractEntry test/promise/promises-aplus.js
163 silly gunzTarPerm extractEntry test/promise/promises-es6.js
164 silly gunzTarPerm extractEntry test/promise/race.js
165 silly gunzTarPerm extractEntry test/promise/reject.js
166 silly gunzTarPerm extractEntry test/promise/resolve.js
167 silly gunzTarPerm extractEntry test/promise/simple.js
168 silly gunzTarPerm extractEntry test/promise/subclass.js
169 silly gunzTarPerm extractEntry test/native.html
170 silly gunzTarPerm extractEntry test/mocha.opts
171 silly gunzTarPerm extractEntry test/index.html
172 silly gunzTarPerm extractEntry test/worker-runner.workerjs
173 verbose write writing to /Applications/MAMP/htdocs/hetic/2016/velibmap/node_modules/es6-shim/package.json
174 info preinstall es6-shim@0.34.4
175 verbose readDependencies loading dependencies from /Applications/MAMP/htdocs/hetic/2016/velibmap/node_modules/es6-shim/package.json
176 verbose readDependencies loading dependencies from /Applications/MAMP/htdocs/hetic/2016/velibmap/node_modules/es6-shim/package.json
177 silly install resolved []
178 verbose about to build /Applications/MAMP/htdocs/hetic/2016/velibmap/node_modules/es6-shim
179 info build /Applications/MAMP/htdocs/hetic/2016/velibmap/node_modules/es6-shim
180 info linkStuff es6-shim@0.34.4
181 silly linkStuff es6-shim@0.34.4 has /Applications/MAMP/htdocs/hetic/2016/velibmap/node_modules as its parent node_modules
182 verbose linkBins es6-shim@0.34.4
183 verbose linkMans es6-shim@0.34.4
184 verbose rebuildBundles es6-shim@0.34.4
185 info install es6-shim@0.34.4
186 info postinstall es6-shim@0.34.4
187 verbose unlock done using /Users/Toni/.npm/_locks/es6-shim-8e3772c58ae64d2d.lock for /Applications/MAMP/htdocs/hetic/2016/velibmap/node_modules/es6-shim
188 info build /Applications/MAMP/htdocs/hetic/2016/velibmap
189 info linkStuff velibmap@1.0.0
190 silly linkStuff velibmap@1.0.0 has /Applications/MAMP/htdocs/hetic/2016 as its parent node_modules
191 verbose linkBins velibmap@1.0.0
192 verbose linkMans velibmap@1.0.0
193 verbose rebuildBundles velibmap@1.0.0
194 verbose rebuildBundles [ '.bin',
194 verbose rebuildBundles   'angular2',
194 verbose rebuildBundles   'concurrently',
194 verbose rebuildBundles   'es6-promise',
194 verbose rebuildBundles   'es6-shim',
194 verbose rebuildBundles   'gulp',
194 verbose rebuildBundles   'gulp-connect',
194 verbose rebuildBundles   'gulp-less',
194 verbose rebuildBundles   'gulp-typescript',
194 verbose rebuildBundles   'gulp-util',
194 verbose rebuildBundles   'lite-server',
194 verbose rebuildBundles   'reflect-metadata',
194 verbose rebuildBundles   'rxjs',
194 verbose rebuildBundles   'systemjs',
194 verbose rebuildBundles   'typescript',
194 verbose rebuildBundles   'zone.js' ]
195 info install velibmap@1.0.0
196 info postinstall velibmap@1.0.0
197 info prepublish velibmap@1.0.0
198 verbose validateInstall loading /Applications/MAMP/htdocs/hetic/2016/velibmap/package.json for validation
199 verbose stack Error: The package es6-shim@0.34.4 does not satisfy its siblings' peerDependencies requirements!
199 verbose stack     at /usr/local/lib/node_modules/npm/lib/install.js:125:32
199 verbose stack     at /usr/local/lib/node_modules/npm/lib/install.js:268:7
199 verbose stack     at /usr/local/lib/node_modules/npm/node_modules/read-installed/read-installed.js:142:5
199 verbose stack     at /usr/local/lib/node_modules/npm/node_modules/read-installed/read-installed.js:263:14
199 verbose stack     at cb (/usr/local/lib/node_modules/npm/node_modules/slide/lib/async-map.js:47:24)
199 verbose stack     at /usr/local/lib/node_modules/npm/node_modules/read-installed/read-installed.js:263:14
199 verbose stack     at cb (/usr/local/lib/node_modules/npm/node_modules/slide/lib/async-map.js:47:24)
199 verbose stack     at /usr/local/lib/node_modules/npm/node_modules/read-installed/read-installed.js:263:14
199 verbose stack     at cb (/usr/local/lib/node_modules/npm/node_modules/slide/lib/async-map.js:47:24)
199 verbose stack     at /usr/local/lib/node_modules/npm/node_modules/read-installed/read-installed.js:263:14
200 verbose cwd /Applications/MAMP/htdocs/hetic/2016/velibmap
201 error Darwin 15.3.0
202 error argv "/usr/local/bin/node" "/usr/local/bin/npm" "install"
203 error node v4.3.1
204 error npm  v2.14.12
205 error code EPEERINVALID
206 error peerinvalid The package es6-shim@0.34.4 does not satisfy its siblings' peerDependencies requirements!
206 error peerinvalid Peer angular2@2.0.0-beta.0 wants es6-shim@^0.33.3
207 verbose exit [ 1, true ]
